[debug] [2018-09-06T06:24:03.001Z] ----------------------------------------------------------------------
[debug] [2018-09-06T06:24:03.005Z] Command:       C:\Program Files\nodejs\node.exe C:\Users\thud thump\AppData\Roaming\npm\node_modules\firebase-tools\bin\firebase serve
[debug] [2018-09-06T06:24:03.005Z] CLI Version:   4.2.1
[debug] [2018-09-06T06:24:03.005Z] Platform:      win32
[debug] [2018-09-06T06:24:03.005Z] Node Version:  v8.11.4
[debug] [2018-09-06T06:24:03.006Z] Time:          Thu Sep 06 2018 16:24:03 GMT+1000 (E. Australia Standard Time)
[debug] [2018-09-06T06:24:03.006Z] ----------------------------------------------------------------------
[debug] 
[debug] [2018-09-06T06:24:03.018Z] > command requires scopes: ["email","openid","https://www.googleapis.com/auth/cloudplatformprojects.readonly","https://www.googleapis.com/auth/firebase","https://www.googleapis.com/auth/cloud-platform"]
[debug] [2018-09-06T06:24:03.018Z] > authorizing via signed-in user
[debug] [2018-09-06T06:24:03.020Z] > refreshing access token with scopes: ["email","https://www.googleapis.com/auth/cloud-platform","https://www.googleapis.com/auth/cloudplatformprojects.readonly","https://www.googleapis.com/auth/firebase","openid"]
[debug] [2018-09-06T06:24:03.021Z] >>> HTTP REQUEST POST https://www.googleapis.com/oauth2/v3/token  

[debug] [2018-09-06T06:24:03.518Z] <<< HTTP RESPONSE 200
[debug] [2018-09-06T06:24:03.598Z] >>> HTTP REQUEST GET https://admin.firebase.com/v1/projects/careerhubv2  
 
[debug] [2018-09-06T06:24:04.555Z] <<< HTTP RESPONSE 200
[debug] [2018-09-06T06:24:04.557Z] >>> HTTP REQUEST GET https://cloudresourcemanager.googleapis.com/v1/projects/careerhubv2  
 
[debug] [2018-09-06T06:24:06.217Z] <<< HTTP RESPONSE 200
[info] 
[info] === Serving from 'C:\Users\thud thump\PhpstormProjects\nodeAP'...
[info] 
[info] i  functions: Preparing to emulate functions.
[debug] [2018-09-06T06:24:20.279Z] Fetching environment
[debug] [2018-09-06T06:24:20.298Z] >>> HTTP REQUEST GET https://mobilesdk-pa.googleapis.com/v1/projects/67408577281:getServerAppConfig  
 
[debug] [2018-09-06T06:24:21.102Z] <<< HTTP RESPONSE 200
[debug] [2018-09-06T06:24:21.103Z] Starting @google-cloud/functions-emulator
[debug] [2018-09-06T06:24:31.065Z] Parsing function triggers
[info] i  functions: No HTTPS functions found. Use firebase functions:shell if you would like to emulate other types of functions.
